2024-09-23 00:23:22 DEBUG    rasa.core.lock_store  - Issuing ticket for conversation 'shreyas'.
2024-09-23 00:23:22 DEBUG    rasa.core.lock_store  - Acquiring lock for conversation 'shreyas'.
2024-09-23 00:23:22 DEBUG    rasa.core.lock_store  - Acquired lock for conversation 'shreyas'.
2024-09-23 00:23:22 DEBUG    rasa.core.tracker_store  - Could not find tracker for conversation ID 'shreyas'.
2024-09-23 00:23:22 DEBUG    rasa.core.tracker_store  - No event broker configured. Skipping streaming events.
2024-09-23 00:23:22 DEBUG    rasa.core.processor  - Starting a new session for conversation ID 'shreyas'.
2024-09-23 00:23:22 DEBUG    rasa.core.processor  - [debug    ] processor.actions.policy_prediction prediction_events=[]
2024-09-23 00:23:22 DEBUG    rasa.core.processor  - [debug    ] processor.actions.log          action_name=action_session_start rasa_events=[<rasa.shared.core.events.SessionStarted object at 0x34d759a30>, ActionExecuted(action: action_listen, policy: None, confidence: None)]
2024-09-23 00:23:22 DEBUG    rasa.core.processor  - [debug    ] processor.slots.log            slot_values=     session_started_metadata: None
2024-09-23 00:23:22 DEBUG    rasa.engine.runner.dask  - Running graph with inputs: {'__message__': [<rasa.core.channels.channel.UserMessage object at 0x103c2ce80>], '__tracker__': <rasa.shared.core.trackers.DialogueStateTracker object at 0x34d44a2e0>}, targets: ['run_RegexMessageHandler'] and ExecutionContext(model_id='69ea12979ce4474280861a76a21ed825', should_add_diagnostic_data=False, is_finetuning=False, node_name=None).
2024-09-23 00:23:22 DEBUG    rasa.engine.graph  - Node 'nlu_message_converter' running 'NLUMessageConverter.convert_user_message'.
2024-09-23 00:23:22 DEBUG    rasa.engine.graph  - Node 'run_WhitespaceTokenizer0' running 'WhitespaceTokenizer.process'.
2024-09-23 00:23:22 DEBUG    rasa.engine.graph  - Node 'run_RegexFeaturizer1' running 'RegexFeaturizer.process'.
2024-09-23 00:23:22 DEBUG    rasa.engine.graph  - Node 'run_LexicalSyntacticFeaturizer2' running 'LexicalSyntacticFeaturizer.process'.
2024-09-23 00:23:22 DEBUG    rasa.engine.graph  - Node 'run_CountVectorsFeaturizer3' running 'CountVectorsFeaturizer.process'.
2024-09-23 00:23:22 DEBUG    rasa.engine.graph  - Node 'run_LanguageModelFeaturizer4' running 'LanguageModelFeaturizer.process'.
2024-09-23 00:23:22 DEBUG    rasa.engine.graph  - Node 'run_DIETClassifier5' running 'DIETClassifier.process'.
2024-09-23 00:23:22 DEBUG    rasa.engine.graph  - Node 'run_EntitySynonymMapper6' running 'EntitySynonymMapper.process'.
2024-09-23 00:23:22 DEBUG    rasa.engine.graph  - Node 'run_ResponseSelector7' running 'ResponseSelector.process'.
2024-09-23 00:23:22 DEBUG    rasa.nlu.classifiers.diet_classifier  - There is no trained model for 'ResponseSelector': The component is either not trained or didn't receive enough training data.
2024-09-23 00:23:22 DEBUG    rasa.nlu.selectors.response_selector  - Adding following selector key to message property: default
2024-09-23 00:23:22 DEBUG    rasa.engine.graph  - Node 'domain_provider' running 'DomainProvider.provide_inference'.
2024-09-23 00:23:22 DEBUG    rasa.engine.graph  - Node 'run_RegexMessageHandler' running 'RegexMessageHandler.process'.
2024-09-23 00:23:22 DEBUG    rasa.core.processor  - [debug    ] processor.message.parse        parse_data_entities=[] parse_data_intent={'name': 'приветствие', 'confidence': 0.4273204803466797} parse_data_text=Привет
2024-09-23 00:23:22 DEBUG    rasa.core.processor  - Logged UserUtterance - tracker now has 4 events.
2024-09-23 00:23:22 DEBUG    rasa.core.actions.action  - Validating extracted slots:
2024-09-23 00:23:22 DEBUG    rasa.core.processor  - [debug    ] processor.extract.slots        action_extract_slot=action_extract_slots len_extraction_events=0 rasa_events=[]
2024-09-23 00:23:22 DEBUG    rasa.engine.runner.dask  - Running graph with inputs: {'__tracker__': <rasa.shared.core.trackers.DialogueStateTracker object at 0x34d44a2e0>}, targets: ['select_prediction'] and ExecutionContext(model_id='69ea12979ce4474280861a76a21ed825', should_add_diagnostic_data=False, is_finetuning=False, node_name=None).
2024-09-23 00:23:22 DEBUG    rasa.engine.graph  - Node 'rule_only_data_provider' running 'RuleOnlyDataProvider.provide'.
2024-09-23 00:23:22 DEBUG    rasa.engine.graph  - Node 'domain_provider' running 'DomainProvider.provide_inference'.
2024-09-23 00:23:22 DEBUG    rasa.engine.graph  - Node 'run_MemoizationPolicy0' running 'MemoizationPolicy.predict_action_probabilities'.
2024-09-23 00:23:22 DEBUG    rasa.core.policies.memoization  - [debug    ] memoization.predict.actions    tracker_states=[{}, {'user': {'intent': 'приветствие'}, 'prev_action': {'action_name': 'action_listen'}}]
2024-09-23 00:23:22 DEBUG    rasa.core.policies.memoization  - There is a memorised next action 'utter_greet'
2024-09-23 00:23:22 DEBUG    rasa.engine.graph  - Node 'run_RulePolicy1' running 'RulePolicy.predict_action_probabilities'.
2024-09-23 00:23:22 DEBUG    rasa.core.policies.rule_policy  - [debug    ] rule_policy.actions.find       current_states=
[state 1] user text: Привет | previous action name: action_listen
2024-09-23 00:23:22 DEBUG    rasa.core.policies.rule_policy  - There is no applicable rule.
2024-09-23 00:23:22 DEBUG    rasa.core.policies.rule_policy  - [debug    ] rule_policy.actions.find       current_states=
[state 1] user intent: приветствие | previous action name: action_listen
2024-09-23 00:23:22 DEBUG    rasa.core.policies.rule_policy  - There is a rule for the next action 'utter_greet'.
2024-09-23 00:23:22 DEBUG    rasa.engine.graph  - Node 'run_TEDPolicy2' running 'TEDPolicy.predict_action_probabilities'.
2024-09-23 00:23:22 DEBUG    rasa.core.policies.ted_policy  - TED predicted 'utter_documentation' based on user intent.
2024-09-23 00:23:22 DEBUG    rasa.engine.graph  - Node 'select_prediction' running 'DefaultPolicyPredictionEnsemble.combine_predictions_from_kwargs'.
2024-09-23 00:23:22 DEBUG    rasa.core.policies.ensemble  - Made prediction using user intent.
2024-09-23 00:23:22 DEBUG    rasa.core.policies.ensemble  - Added `DefinePrevUserUtteredFeaturization(False)` event.
2024-09-23 00:23:22 DEBUG    rasa.core.policies.ensemble  - Predicted next action using RulePolicy.
2024-09-23 00:23:22 DEBUG    rasa.core.processor  - Predicted next action 'utter_greet' with confidence 1.00.
2024-09-23 00:23:22 DEBUG    rasa.core.processor  - [debug    ] processor.actions.policy_prediction prediction_events=[<rasa.shared.core.events.DefinePrevUserUtteredFeaturization object at 0x34d759a90>]
2024-09-23 00:23:22 DEBUG    rasa.core.processor  - [debug    ] processor.actions.log          action_name=utter_greet rasa_events=[BotUttered('Привет! Как я могу вам помочь?', {"elements": null, "quick_replies": null, "buttons": null, "attachment": null, "image": null, "custom": null}, {"utter_action": "utter_greet"}, 1727040202.3390772)]
2024-09-23 00:23:22 DEBUG    rasa.engine.runner.dask  - Running graph with inputs: {'__tracker__': <rasa.shared.core.trackers.DialogueStateTracker object at 0x34d44a2e0>}, targets: ['select_prediction'] and ExecutionContext(model_id='69ea12979ce4474280861a76a21ed825', should_add_diagnostic_data=False, is_finetuning=False, node_name=None).
2024-09-23 00:23:22 DEBUG    rasa.engine.graph  - Node 'rule_only_data_provider' running 'RuleOnlyDataProvider.provide'.
2024-09-23 00:23:22 DEBUG    rasa.engine.graph  - Node 'domain_provider' running 'DomainProvider.provide_inference'.
2024-09-23 00:23:22 DEBUG    rasa.engine.graph  - Node 'run_MemoizationPolicy0' running 'MemoizationPolicy.predict_action_probabilities'.
2024-09-23 00:23:22 DEBUG    rasa.core.policies.memoization  - [debug    ] memoization.predict.actions    tracker_states=[{'user': {'intent': 'приветствие'}, 'prev_action': {'action_name': 'action_listen'}}, {'user': {'intent': 'приветствие'}, 'prev_action': {'action_name': 'utter_greet'}}]
2024-09-23 00:23:22 DEBUG    rasa.core.policies.memoization  - There is a memorised next action 'action_listen'
2024-09-23 00:23:22 DEBUG    rasa.engine.graph  - Node 'run_RulePolicy1' running 'RulePolicy.predict_action_probabilities'.
2024-09-23 00:23:22 DEBUG    rasa.core.policies.rule_policy  - [debug    ] rule_policy.actions.find       current_states=
[state 1] user intent: приветствие | previous action name: action_listen
[state 2] user intent: приветствие | previous action name: utter_greet
2024-09-23 00:23:22 DEBUG    rasa.core.policies.rule_policy  - There is a rule for the next action 'action_listen'.
2024-09-23 00:23:22 DEBUG    rasa.engine.graph  - Node 'run_TEDPolicy2' running 'TEDPolicy.predict_action_probabilities'.
2024-09-23 00:23:22 DEBUG    rasa.core.policies.ted_policy  - TED predicted 'action_suggest_tech_stack' based on user intent.
2024-09-23 00:23:22 DEBUG    rasa.engine.graph  - Node 'select_prediction' running 'DefaultPolicyPredictionEnsemble.combine_predictions_from_kwargs'.
2024-09-23 00:23:22 DEBUG    rasa.core.policies.ensemble  - Predicted next action using RulePolicy.
2024-09-23 00:23:22 DEBUG    rasa.core.processor  - Predicted next action 'action_listen' with confidence 1.00.
2024-09-23 00:23:22 DEBUG    rasa.core.processor  - [debug    ] processor.actions.policy_prediction prediction_events=[]
2024-09-23 00:23:22 DEBUG    rasa.core.processor  - [debug    ] processor.actions.log          action_name=action_listen rasa_events=[]
2024-09-23 00:23:22 DEBUG    rasa.core.tracker_store  - No event broker configured. Skipping streaming events.
2024-09-23 00:23:22 DEBUG    rasa.core.lock_store  - Deleted lock for conversation 'shreyas'.
2024-09-23 00:23:26 DEBUG    rasa.core.lock_store  - Issuing ticket for conversation 'shreyas'.
2024-09-23 00:23:26 DEBUG    rasa.core.lock_store  - Acquiring lock for conversation 'shreyas'.
2024-09-23 00:23:26 DEBUG    rasa.core.lock_store  - Acquired lock for conversation 'shreyas'.
2024-09-23 00:23:26 DEBUG    rasa.core.tracker_store  - Recreating tracker for id 'shreyas'
2024-09-23 00:23:26 DEBUG    rasa.engine.runner.dask  - Running graph with inputs: {'__message__': [<rasa.core.channels.channel.UserMessage object at 0x34d44af70>], '__tracker__': <rasa.shared.core.trackers.DialogueStateTracker object at 0x34d44a6a0>}, targets: ['run_RegexMessageHandler'] and ExecutionContext(model_id='69ea12979ce4474280861a76a21ed825', should_add_diagnostic_data=False, is_finetuning=False, node_name=None).
2024-09-23 00:23:26 DEBUG    rasa.engine.graph  - Node 'nlu_message_converter' running 'NLUMessageConverter.convert_user_message'.
2024-09-23 00:23:26 DEBUG    rasa.engine.graph  - Node 'run_WhitespaceTokenizer0' running 'WhitespaceTokenizer.process'.
2024-09-23 00:23:26 DEBUG    rasa.engine.graph  - Node 'run_RegexFeaturizer1' running 'RegexFeaturizer.process'.
2024-09-23 00:23:26 DEBUG    rasa.engine.graph  - Node 'run_LexicalSyntacticFeaturizer2' running 'LexicalSyntacticFeaturizer.process'.
2024-09-23 00:23:26 DEBUG    rasa.engine.graph  - Node 'run_CountVectorsFeaturizer3' running 'CountVectorsFeaturizer.process'.
2024-09-23 00:23:26 DEBUG    rasa.engine.graph  - Node 'run_LanguageModelFeaturizer4' running 'LanguageModelFeaturizer.process'.
2024-09-23 00:23:26 DEBUG    rasa.engine.graph  - Node 'run_DIETClassifier5' running 'DIETClassifier.process'.
2024-09-23 00:23:26 DEBUG    rasa.engine.graph  - Node 'run_EntitySynonymMapper6' running 'EntitySynonymMapper.process'.
2024-09-23 00:23:26 DEBUG    rasa.engine.graph  - Node 'run_ResponseSelector7' running 'ResponseSelector.process'.
2024-09-23 00:23:26 DEBUG    rasa.nlu.classifiers.diet_classifier  - There is no trained model for 'ResponseSelector': The component is either not trained or didn't receive enough training data.
2024-09-23 00:23:26 DEBUG    rasa.nlu.selectors.response_selector  - Adding following selector key to message property: default
2024-09-23 00:23:26 DEBUG    rasa.engine.graph  - Node 'domain_provider' running 'DomainProvider.provide_inference'.
2024-09-23 00:23:26 DEBUG    rasa.engine.graph  - Node 'run_RegexMessageHandler' running 'RegexMessageHandler.process'.
2024-09-23 00:23:26 DEBUG    rasa.core.processor  - [debug    ] processor.message.parse        parse_data_entities=[] parse_data_intent={'name': 'микросервисы', 'confidence': 0.13507959246635437} parse_data_text=Что такое микросервисная архитектура
2024-09-23 00:23:26 DEBUG    rasa.core.processor  - Logged UserUtterance - tracker now has 9 events.
2024-09-23 00:23:26 DEBUG    rasa.core.actions.action  - Validating extracted slots:
2024-09-23 00:23:26 DEBUG    rasa.core.processor  - [debug    ] processor.extract.slots        action_extract_slot=action_extract_slots len_extraction_events=0 rasa_events=[]
2024-09-23 00:23:26 DEBUG    rasa.engine.runner.dask  - Running graph with inputs: {'__tracker__': <rasa.shared.core.trackers.DialogueStateTracker object at 0x34d44a6a0>}, targets: ['select_prediction'] and ExecutionContext(model_id='69ea12979ce4474280861a76a21ed825', should_add_diagnostic_data=False, is_finetuning=False, node_name=None).
2024-09-23 00:23:26 DEBUG    rasa.engine.graph  - Node 'rule_only_data_provider' running 'RuleOnlyDataProvider.provide'.
2024-09-23 00:23:26 DEBUG    rasa.engine.graph  - Node 'domain_provider' running 'DomainProvider.provide_inference'.
2024-09-23 00:23:26 DEBUG    rasa.engine.graph  - Node 'run_MemoizationPolicy0' running 'MemoizationPolicy.predict_action_probabilities'.
2024-09-23 00:23:26 DEBUG    rasa.core.policies.memoization  - [debug    ] memoization.predict.actions    tracker_states=[{'user': {'intent': 'приветствие'}, 'prev_action': {'action_name': 'utter_greet'}}, {'user': {'intent': 'микросервисы'}, 'prev_action': {'action_name': 'action_listen'}}]
2024-09-23 00:23:26 DEBUG    rasa.core.policies.memoization  - There is no memorised next action
2024-09-23 00:23:26 DEBUG    rasa.engine.graph  - Node 'run_RulePolicy1' running 'RulePolicy.predict_action_probabilities'.
2024-09-23 00:23:26 DEBUG    rasa.core.policies.rule_policy  - [debug    ] rule_policy.actions.find       current_states=
[state 1] user intent: приветствие | previous action name: action_listen
[state 2] user intent: приветствие | previous action name: utter_greet
[state 3] user text: Что такое микросервисная архитектура | previous action name: action_listen
2024-09-23 00:23:26 DEBUG    rasa.core.policies.rule_policy  - There is no applicable rule.
2024-09-23 00:23:26 DEBUG    rasa.core.policies.rule_policy  - [debug    ] rule_policy.actions.find       current_states=
[state 1] user intent: приветствие | previous action name: action_listen
[state 2] user intent: приветствие | previous action name: utter_greet
[state 3] user intent: микросервисы | previous action name: action_listen
2024-09-23 00:23:26 DEBUG    rasa.core.policies.rule_policy  - There is a rule for the next action 'action_microservice_info'.
2024-09-23 00:23:26 DEBUG    rasa.engine.graph  - Node 'run_TEDPolicy2' running 'TEDPolicy.predict_action_probabilities'.
2024-09-23 00:23:26 DEBUG    rasa.core.policies.ted_policy  - TED predicted 'utter_containerization' based on user intent.
2024-09-23 00:23:26 DEBUG    rasa.engine.graph  - Node 'select_prediction' running 'DefaultPolicyPredictionEnsemble.combine_predictions_from_kwargs'.
2024-09-23 00:23:26 DEBUG    rasa.core.policies.ensemble  - Made prediction using user intent.
2024-09-23 00:23:26 DEBUG    rasa.core.policies.ensemble  - Added `DefinePrevUserUtteredFeaturization(False)` event.
2024-09-23 00:23:26 DEBUG    rasa.core.policies.ensemble  - Predicted next action using RulePolicy.
2024-09-23 00:23:26 DEBUG    rasa.core.processor  - Predicted next action 'action_microservice_info' with confidence 1.00.
2024-09-23 00:23:26 DEBUG    rasa.core.actions.action  - Calling action endpoint to run action 'action_microservice_info'.
2024-09-23 00:23:26 DEBUG    rasa.core.processor  - [debug    ] processor.actions.policy_prediction prediction_events=[<rasa.shared.core.events.DefinePrevUserUtteredFeaturization object at 0x34d759eb0>]
2024-09-23 00:23:26 DEBUG    rasa.core.processor  - [debug    ] processor.actions.log          action_name=action_microservice_info rasa_events=[BotUttered('Микросервисная архитектура — это подход к разработке, когда приложение разделяется на независимые сервисы, взаимодействующие между собой.', {"elements": null, "quick_replies": null, "buttons": null, "attachment": null, "image": null, "custom": null}, {"utter_action": "utter_microservices", "template": "utter_microservices"}, 1727040206.312007)]
2024-09-23 00:23:26 DEBUG    rasa.core.processor  - [debug    ] processor.slots.log            slot_values=     session_started_metadata: None
2024-09-23 00:23:26 DEBUG    rasa.engine.runner.dask  - Running graph with inputs: {'__tracker__': <rasa.shared.core.trackers.DialogueStateTracker object at 0x34d44a6a0>}, targets: ['select_prediction'] and ExecutionContext(model_id='69ea12979ce4474280861a76a21ed825', should_add_diagnostic_data=False, is_finetuning=False, node_name=None).
2024-09-23 00:23:26 DEBUG    rasa.engine.graph  - Node 'rule_only_data_provider' running 'RuleOnlyDataProvider.provide'.
2024-09-23 00:23:26 DEBUG    rasa.engine.graph  - Node 'domain_provider' running 'DomainProvider.provide_inference'.
2024-09-23 00:23:26 DEBUG    rasa.engine.graph  - Node 'run_MemoizationPolicy0' running 'MemoizationPolicy.predict_action_probabilities'.
2024-09-23 00:23:26 DEBUG    rasa.core.policies.memoization  - [debug    ] memoization.predict.actions    tracker_states=[{'user': {'intent': 'микросервисы'}, 'prev_action': {'action_name': 'action_listen'}}, {'user': {'intent': 'микросервисы'}, 'prev_action': {'action_name': 'action_microservice_info'}}]
2024-09-23 00:23:26 DEBUG    rasa.core.policies.memoization  - There is a memorised next action 'action_listen'
2024-09-23 00:23:26 DEBUG    rasa.engine.graph  - Node 'run_RulePolicy1' running 'RulePolicy.predict_action_probabilities'.
2024-09-23 00:23:26 DEBUG    rasa.core.policies.rule_policy  - [debug    ] rule_policy.actions.find       current_states=
[state 1] user intent: приветствие | previous action name: action_listen
[state 2] user intent: приветствие | previous action name: utter_greet
[state 3] user intent: микросервисы | previous action name: action_listen
[state 4] user intent: микросервисы | previous action name: action_microservice_info
2024-09-23 00:23:26 DEBUG    rasa.core.policies.rule_policy  - There is a rule for the next action 'action_listen'.
2024-09-23 00:23:26 DEBUG    rasa.engine.graph  - Node 'run_TEDPolicy2' running 'TEDPolicy.predict_action_probabilities'.
2024-09-23 00:23:26 DEBUG    rasa.core.policies.ted_policy  - TED predicted 'utter_monolith' based on user intent.
2024-09-23 00:23:26 DEBUG    rasa.engine.graph  - Node 'select_prediction' running 'DefaultPolicyPredictionEnsemble.combine_predictions_from_kwargs'.
2024-09-23 00:23:26 DEBUG    rasa.core.policies.ensemble  - Predicted next action using RulePolicy.
2024-09-23 00:23:26 DEBUG    rasa.core.processor  - Predicted next action 'action_listen' with confidence 1.00.
2024-09-23 00:23:26 DEBUG    rasa.core.processor  - [debug    ] processor.actions.policy_prediction prediction_events=[]
2024-09-23 00:23:26 DEBUG    rasa.core.processor  - [debug    ] processor.actions.log          action_name=action_listen rasa_events=[]
2024-09-23 00:23:26 DEBUG    rasa.core.tracker_store  - No event broker configured. Skipping streaming events.
2024-09-23 00:23:26 DEBUG    rasa.core.lock_store  - Deleted lock for conversation 'shreyas'.


